Build started 28/06/2015 22:16:30.
     1>Project "C:\Users\Guilherme\Desktop\ProjetoOpenCL\ProjetoOPENCL\MandelbrotReferencia\MandelbrotReferencia\MandelbrotReferencia.vcxproj" on node 2 (build target(s)).
     1>InitializeBuildStatus:
         Creating "Debug\MandelbrotReferencia.unsuccessfulbuild" because "AlwaysCreate" was specified.
       ClCompile:
         c:\Program Files (x86)\Microsoft Visual Studio 10.0\VC\bin\CL.exe /c /ZI /nologo /W3 /WX- /Od /Oy- /D _MBCS /Gm /EHsc /RTC1 /MDd /GS /fp:precise /Zc:wchar_t /Zc:forScope /Fo"Debug\\" /Fd"Debug\vc100.pdb" /Gd /TP /analyze- /errorReport:prompt main.cpp
         main.cpp
     1>c:\users\guilherme\desktop\projetoopencl\projetoopencl\mandelbrotreferencia\mandelbrotreferencia\main.cpp(48): warning C4996: 'fopen': This function or variable may be unsafe. Consider using fopen_s instead. To disable deprecation, use _CRT_SECURE_NO_WARNINGS. See online help for details.
                 c:\program files (x86)\microsoft visual studio 10.0\vc\include\stdio.h(234) : see declaration of 'fopen'
       Link:
         c:\Program Files (x86)\Microsoft Visual Studio 10.0\VC\bin\link.exe /ERRORREPORT:PROMPT /OUT:"C:\Users\Guilherme\Desktop\ProjetoOpenCL\ProjetoOPENCL\MandelbrotReferencia\Debug\MandelbrotReferencia.exe" /NOLOGO kernel32.lib user32.lib gdi32.lib winspool.lib comdlg32.lib advapi32.lib shell32.lib ole32.lib oleaut32.lib uuid.lib odbc32.lib odbccp32.lib /MANIFEST /ManifestFile:"Debug\MandelbrotReferencia.exe.intermediate.manifest" /MANIFESTUAC:"level='asInvoker' uiAccess='false'" /DEBUG /PDB:"C:\Users\Guilherme\Desktop\ProjetoOpenCL\ProjetoOPENCL\MandelbrotReferencia\Debug\MandelbrotReferencia.pdb" /TLBID:1 /DYNAMICBASE /NXCOMPAT /IMPLIB:"C:\Users\Guilherme\Desktop\ProjetoOpenCL\ProjetoOPENCL\MandelbrotReferencia\Debug\MandelbrotReferencia.lib" /MACHINE:X86 Debug\main.obj
         LINK : C:\Users\Guilherme\Desktop\ProjetoOpenCL\ProjetoOPENCL\MandelbrotReferencia\Debug\MandelbrotReferencia.exe not found or not built by the last incremental link; performing full link
         MandelbrotReferencia.vcxproj -> C:\Users\Guilherme\Desktop\ProjetoOpenCL\ProjetoOPENCL\MandelbrotReferencia\Debug\MandelbrotReferencia.exe
       Manifest:
         c:\Program Files (x86)\Microsoft SDKs\Windows\v7.0A\bin\mt.exe /nologo /verbose /outputresource:"C:\Users\Guilherme\Desktop\ProjetoOpenCL\ProjetoOPENCL\MandelbrotReferencia\Debug\MandelbrotReferencia.exe;#1" /manifest Debug\MandelbrotReferencia.exe.intermediate.manifest
       FinalizeBuildStatus:
         Deleting file "Debug\MandelbrotReferencia.unsuccessfulbuild".
         Touching "Debug\MandelbrotReferencia.lastbuildstate".
     1>Done Building Project "C:\Users\Guilherme\Desktop\ProjetoOpenCL\ProjetoOPENCL\MandelbrotReferencia\MandelbrotReferencia\MandelbrotReferencia.vcxproj" (build target(s)).

Build succeeded.

Time Elapsed 00:00:01.12
